<?xml version="1.0" encoding="UTF-8"?>
<testsuite xmlns:xsi="http://www.w3.org/2001/XMLSchema-instance" xsi:noNamespaceSchemaLocation="https://maven.apache.org/surefire/maven-surefire-plugin/xsd/surefire-test-report-3.0.xsd" version="3.0" name="TestRunner.TestRunner" time="139.104" tests="3" errors="0" skipped="0" failures="0">
  <properties>
    <property name="java.specification.version" value="18"/>
    <property name="sun.cpu.isalist" value="amd64"/>
    <property name="sun.jnu.encoding" value="Cp1252"/>
    <property name="java.class.path" value="C:\Users\Abhay\eclipse-workplace-Cucumber\UI-CucumberFramework\target\test-classes;C:\Users\Abhay\eclipse-workplace-Cucumber\UI-CucumberFramework\target\classes;C:\Windows\system32\config\systemprofile\.m2\repository\io\cucumber\cucumber-java\6.9.0\cucumber-java-6.9.0.jar;C:\Windows\system32\config\systemprofile\.m2\repository\io\cucumber\cucumber-core\6.9.0\cucumber-core-6.9.0.jar;C:\Windows\system32\config\systemprofile\.m2\repository\io\cucumber\cucumber-gherkin\6.9.0\cucumber-gherkin-6.9.0.jar;C:\Windows\system32\config\systemprofile\.m2\repository\io\cucumber\cucumber-gherkin-messages\6.9.0\cucumber-gherkin-messages-6.9.0.jar;C:\Windows\system32\config\systemprofile\.m2\repository\io\cucumber\messages\13.2.0\messages-13.2.0.jar;C:\Windows\system32\config\systemprofile\.m2\repository\io\cucumber\tag-expressions\3.0.0\tag-expressions-3.0.0.jar;C:\Windows\system32\config\systemprofile\.m2\repository\io\cucumber\cucumber-expressions\10.3.0\cucumber-expressions-10.3.0.jar;C:\Windows\system32\config\systemprofile\.m2\repository\io\cucumber\datatable\3.5.0\datatable-3.5.0.jar;C:\Windows\system32\config\systemprofile\.m2\repository\io\cucumber\cucumber-plugin\6.9.0\cucumber-plugin-6.9.0.jar;C:\Windows\system32\config\systemprofile\.m2\repository\io\cucumber\docstring\6.9.0\docstring-6.9.0.jar;C:\Windows\system32\config\systemprofile\.m2\repository\io\cucumber\html-formatter\9.0.0\html-formatter-9.0.0.jar;C:\Windows\system32\config\systemprofile\.m2\repository\io\cucumber\create-meta\2.0.4\create-meta-2.0.4.jar;C:\Windows\system32\config\systemprofile\.m2\repository\org\apiguardian\apiguardian-api\1.1.0\apiguardian-api-1.1.0.jar;C:\Windows\system32\config\systemprofile\.m2\repository\io\cucumber\cucumber-junit\6.9.0\cucumber-junit-6.9.0.jar;C:\Windows\system32\config\systemprofile\.m2\repository\junit\junit\4.13.1\junit-4.13.1.jar;C:\Windows\system32\config\systemprofile\.m2\repository\org\hamcrest\hamcrest-core\1.3\hamcrest-core-1.3.jar;C:\Windows\system32\config\systemprofile\.m2\repository\org\seleniumhq\selenium\selenium-java\3.141.59\selenium-java-3.141.59.jar;C:\Windows\system32\config\systemprofile\.m2\repository\org\seleniumhq\selenium\selenium-api\3.141.59\selenium-api-3.141.59.jar;C:\Windows\system32\config\systemprofile\.m2\repository\org\seleniumhq\selenium\selenium-chrome-driver\3.141.59\selenium-chrome-driver-3.141.59.jar;C:\Windows\system32\config\systemprofile\.m2\repository\org\seleniumhq\selenium\selenium-edge-driver\3.141.59\selenium-edge-driver-3.141.59.jar;C:\Windows\system32\config\systemprofile\.m2\repository\org\seleniumhq\selenium\selenium-firefox-driver\3.141.59\selenium-firefox-driver-3.141.59.jar;C:\Windows\system32\config\systemprofile\.m2\repository\org\seleniumhq\selenium\selenium-ie-driver\3.141.59\selenium-ie-driver-3.141.59.jar;C:\Windows\system32\config\systemprofile\.m2\repository\org\seleniumhq\selenium\selenium-opera-driver\3.141.59\selenium-opera-driver-3.141.59.jar;C:\Windows\system32\config\systemprofile\.m2\repository\org\seleniumhq\selenium\selenium-remote-driver\3.141.59\selenium-remote-driver-3.141.59.jar;C:\Windows\system32\config\systemprofile\.m2\repository\org\seleniumhq\selenium\selenium-safari-driver\3.141.59\selenium-safari-driver-3.141.59.jar;C:\Windows\system32\config\systemprofile\.m2\repository\org\seleniumhq\selenium\selenium-support\3.141.59\selenium-support-3.141.59.jar;C:\Windows\system32\config\systemprofile\.m2\repository\net\bytebuddy\byte-buddy\1.8.15\byte-buddy-1.8.15.jar;C:\Windows\system32\config\systemprofile\.m2\repository\org\apache\commons\commons-exec\1.3\commons-exec-1.3.jar;C:\Windows\system32\config\systemprofile\.m2\repository\com\google\guava\guava\25.0-jre\guava-25.0-jre.jar;C:\Windows\system32\config\systemprofile\.m2\repository\com\google\code\findbugs\jsr305\1.3.9\jsr305-1.3.9.jar;C:\Windows\system32\config\systemprofile\.m2\repository\org\checkerframework\checker-compat-qual\2.0.0\checker-compat-qual-2.0.0.jar;C:\Windows\system32\config\systemprofile\.m2\repository\com\google\errorprone\error_prone_annotations\2.1.3\error_prone_annotations-2.1.3.jar;C:\Windows\system32\config\systemprofile\.m2\repository\com\google\j2objc\j2objc-annotations\1.1\j2objc-annotations-1.1.jar;C:\Windows\system32\config\systemprofile\.m2\repository\org\codehaus\mojo\animal-sniffer-annotations\1.14\animal-sniffer-annotations-1.14.jar;C:\Windows\system32\config\systemprofile\.m2\repository\com\squareup\okhttp3\okhttp\3.11.0\okhttp-3.11.0.jar;C:\Windows\system32\config\systemprofile\.m2\repository\com\squareup\okio\okio\1.14.0\okio-1.14.0.jar;C:\Windows\system32\config\systemprofile\.m2\repository\io\github\bonigarcia\webdrivermanager\4.2.2\webdrivermanager-4.2.2.jar;C:\Windows\system32\config\systemprofile\.m2\repository\org\slf4j\slf4j-api\1.7.30\slf4j-api-1.7.30.jar;C:\Windows\system32\config\systemprofile\.m2\repository\commons-io\commons-io\2.8.0\commons-io-2.8.0.jar;C:\Windows\system32\config\systemprofile\.m2\repository\com\google\code\gson\gson\2.8.6\gson-2.8.6.jar;C:\Windows\system32\config\systemprofile\.m2\repository\org\apache\commons\commons-lang3\3.11\commons-lang3-3.11.jar;C:\Windows\system32\config\systemprofile\.m2\repository\org\apache\httpcomponents\client5\httpclient5\5.0.1\httpclient5-5.0.1.jar;C:\Windows\system32\config\systemprofile\.m2\repository\org\apache\httpcomponents\core5\httpcore5\5.0.1\httpcore5-5.0.1.jar;C:\Windows\system32\config\systemprofile\.m2\repository\org\apache\httpcomponents\core5\httpcore5-h2\5.0.1\httpcore5-h2-5.0.1.jar;C:\Windows\system32\config\systemprofile\.m2\repository\org\rauschig\jarchivelib\1.1.0\jarchivelib-1.1.0.jar;C:\Windows\system32\config\systemprofile\.m2\repository\org\jsoup\jsoup\1.13.1\jsoup-1.13.1.jar;C:\Windows\system32\config\systemprofile\.m2\repository\tech\grasshopper\extentreports-cucumber6-adapter\2.8.0\extentreports-cucumber6-adapter-2.8.0.jar;C:\Windows\system32\config\systemprofile\.m2\repository\com\aventstack\extentreports\5.0.6\extentreports-5.0.6.jar;C:\Windows\system32\config\systemprofile\.m2\repository\io\reactivex\rxjava3\rxjava\3.0.4\rxjava-3.0.4.jar;C:\Windows\system32\config\systemprofile\.m2\repository\org\reactivestreams\reactive-streams\1.0.3\reactive-streams-1.0.3.jar;C:\Windows\system32\config\systemprofile\.m2\repository\org\freemarker\freemarker\2.3.30\freemarker-2.3.30.jar;C:\Windows\system32\config\systemprofile\.m2\repository\tech\grasshopper\extent-pdf-report\1.7.0\extent-pdf-report-1.7.0.jar;C:\Windows\system32\config\systemprofile\.m2\repository\tech\grasshopper\cucumber-pdf-report\2.2.0\cucumber-pdf-report-2.2.0.jar;C:\Windows\system32\config\systemprofile\.m2\repository\org\apache\pdfbox\pdfbox\2.0.22\pdfbox-2.0.22.jar;C:\Windows\system32\config\systemprofile\.m2\repository\org\apache\pdfbox\fontbox\2.0.22\fontbox-2.0.22.jar;C:\Windows\system32\config\systemprofile\.m2\repository\org\knowm\xchart\xchart\3.8.0\xchart-3.8.0.jar;C:\Windows\system32\config\systemprofile\.m2\repository\de\erichseifert\vectorgraphics2d\VectorGraphics2D\0.13\VectorGraphics2D-0.13.jar;C:\Windows\system32\config\systemprofile\.m2\repository\de\rototor\pdfbox\graphics2d\0.30\graphics2d-0.30.jar;C:\Windows\system32\config\systemprofile\.m2\repository\com\madgag\animated-gif-lib\1.4\animated-gif-lib-1.4.jar;C:\Windows\system32\config\systemprofile\.m2\repository\org\yaml\snakeyaml\1.28\snakeyaml-1.28.jar;C:\Windows\system32\config\systemprofile\.m2\repository\tech\grasshopper\table-layout\1.2.0\table-layout-1.2.0.jar;C:\Windows\system32\config\systemprofile\.m2\repository\com\aventstack\klov-reporter\5.0.6\klov-reporter-5.0.6.jar;C:\Windows\system32\config\systemprofile\.m2\repository\org\mongodb\bson\3.6.4\bson-3.6.4.jar;C:\Windows\system32\config\systemprofile\.m2\repository\org\apache\httpcomponents\httpclient\4.5.2\httpclient-4.5.2.jar;C:\Windows\system32\config\systemprofile\.m2\repository\org\apache\httpcomponents\httpcore\4.4.4\httpcore-4.4.4.jar;C:\Windows\system32\config\systemprofile\.m2\repository\commons-logging\commons-logging\1.2\commons-logging-1.2.jar;C:\Windows\system32\config\systemprofile\.m2\repository\org\apache\httpcomponents\httpmime\4.5.2\httpmime-4.5.2.jar;C:\Windows\system32\config\systemprofile\.m2\repository\org\mongodb\mongodb-driver\3.3.0\mongodb-driver-3.3.0.jar;C:\Windows\system32\config\systemprofile\.m2\repository\org\mongodb\mongodb-driver-core\3.3.0\mongodb-driver-core-3.3.0.jar;C:\Windows\system32\config\systemprofile\.m2\repository\log4j\log4j\1.2.17\log4j-1.2.17.jar;C:\Windows\system32\config\systemprofile\.m2\repository\org\projectlombok\lombok\1.18.24\lombok-1.18.24.jar;C:\Windows\system32\config\systemprofile\.m2\repository\org\apache\poi\poi\4.1.2\poi-4.1.2.jar;C:\Windows\system32\config\systemprofile\.m2\repository\commons-codec\commons-codec\1.13\commons-codec-1.13.jar;C:\Windows\system32\config\systemprofile\.m2\repository\org\apache\commons\commons-collections4\4.4\commons-collections4-4.4.jar;C:\Windows\system32\config\systemprofile\.m2\repository\org\apache\commons\commons-math3\3.6.1\commons-math3-3.6.1.jar;C:\Windows\system32\config\systemprofile\.m2\repository\com\zaxxer\SparseBitSet\1.2\SparseBitSet-1.2.jar;C:\Windows\system32\config\systemprofile\.m2\repository\org\apache\poi\poi-ooxml\4.1.2\poi-ooxml-4.1.2.jar;C:\Windows\system32\config\systemprofile\.m2\repository\org\apache\poi\poi-ooxml-schemas\4.1.2\poi-ooxml-schemas-4.1.2.jar;C:\Windows\system32\config\systemprofile\.m2\repository\org\apache\xmlbeans\xmlbeans\3.1.0\xmlbeans-3.1.0.jar;C:\Windows\system32\config\systemprofile\.m2\repository\org\apache\commons\commons-compress\1.19\commons-compress-1.19.jar;C:\Windows\system32\config\systemprofile\.m2\repository\com\github\virtuald\curvesapi\1.06\curvesapi-1.06.jar;"/>
    <property name="java.vm.vendor" value="Oracle Corporation"/>
    <property name="sun.arch.data.model" value="64"/>
    <property name="user.variant" value=""/>
    <property name="java.vendor.url" value="https://java.oracle.com/"/>
    <property name="user.timezone" value="Asia/Calcutta"/>
    <property name="os.name" value="Windows 10"/>
    <property name="java.vm.specification.version" value="18"/>
    <property name="sun.java.launcher" value="SUN_STANDARD"/>
    <property name="user.country" value="US"/>
    <property name="sun.boot.library.path" value="C:\Program Files\Java\jdk-18.0.2.1\bin"/>
    <property name="sun.java.command" value="C:\Windows\Temp\surefire17222057105800064096\surefirebooter-20240419165900396_3.jar C:\Windows\Temp\surefire17222057105800064096 2024-04-19T16-58-59_795-jvmRun1 surefire-20240419165900396_1tmp surefire_0-20240419165900396_2tmp"/>
    <property name="jdk.debug" value="release"/>
    <property name="surefire.test.class.path" value="C:\Users\Abhay\eclipse-workplace-Cucumber\UI-CucumberFramework\target\test-classes;C:\Users\Abhay\eclipse-workplace-Cucumber\UI-CucumberFramework\target\classes;C:\Windows\system32\config\systemprofile\.m2\repository\io\cucumber\cucumber-java\6.9.0\cucumber-java-6.9.0.jar;C:\Windows\system32\config\systemprofile\.m2\repository\io\cucumber\cucumber-core\6.9.0\cucumber-core-6.9.0.jar;C:\Windows\system32\config\systemprofile\.m2\repository\io\cucumber\cucumber-gherkin\6.9.0\cucumber-gherkin-6.9.0.jar;C:\Windows\system32\config\systemprofile\.m2\repository\io\cucumber\cucumber-gherkin-messages\6.9.0\cucumber-gherkin-messages-6.9.0.jar;C:\Windows\system32\config\systemprofile\.m2\repository\io\cucumber\messages\13.2.0\messages-13.2.0.jar;C:\Windows\system32\config\systemprofile\.m2\repository\io\cucumber\tag-expressions\3.0.0\tag-expressions-3.0.0.jar;C:\Windows\system32\config\systemprofile\.m2\repository\io\cucumber\cucumber-expressions\10.3.0\cucumber-expressions-10.3.0.jar;C:\Windows\system32\config\systemprofile\.m2\repository\io\cucumber\datatable\3.5.0\datatable-3.5.0.jar;C:\Windows\system32\config\systemprofile\.m2\repository\io\cucumber\cucumber-plugin\6.9.0\cucumber-plugin-6.9.0.jar;C:\Windows\system32\config\systemprofile\.m2\repository\io\cucumber\docstring\6.9.0\docstring-6.9.0.jar;C:\Windows\system32\config\systemprofile\.m2\repository\io\cucumber\html-formatter\9.0.0\html-formatter-9.0.0.jar;C:\Windows\system32\config\systemprofile\.m2\repository\io\cucumber\create-meta\2.0.4\create-meta-2.0.4.jar;C:\Windows\system32\config\systemprofile\.m2\repository\org\apiguardian\apiguardian-api\1.1.0\apiguardian-api-1.1.0.jar;C:\Windows\system32\config\systemprofile\.m2\repository\io\cucumber\cucumber-junit\6.9.0\cucumber-junit-6.9.0.jar;C:\Windows\system32\config\systemprofile\.m2\repository\junit\junit\4.13.1\junit-4.13.1.jar;C:\Windows\system32\config\systemprofile\.m2\repository\org\hamcrest\hamcrest-core\1.3\hamcrest-core-1.3.jar;C:\Windows\system32\config\systemprofile\.m2\repository\org\seleniumhq\selenium\selenium-java\3.141.59\selenium-java-3.141.59.jar;C:\Windows\system32\config\systemprofile\.m2\repository\org\seleniumhq\selenium\selenium-api\3.141.59\selenium-api-3.141.59.jar;C:\Windows\system32\config\systemprofile\.m2\repository\org\seleniumhq\selenium\selenium-chrome-driver\3.141.59\selenium-chrome-driver-3.141.59.jar;C:\Windows\system32\config\systemprofile\.m2\repository\org\seleniumhq\selenium\selenium-edge-driver\3.141.59\selenium-edge-driver-3.141.59.jar;C:\Windows\system32\config\systemprofile\.m2\repository\org\seleniumhq\selenium\selenium-firefox-driver\3.141.59\selenium-firefox-driver-3.141.59.jar;C:\Windows\system32\config\systemprofile\.m2\repository\org\seleniumhq\selenium\selenium-ie-driver\3.141.59\selenium-ie-driver-3.141.59.jar;C:\Windows\system32\config\systemprofile\.m2\repository\org\seleniumhq\selenium\selenium-opera-driver\3.141.59\selenium-opera-driver-3.141.59.jar;C:\Windows\system32\config\systemprofile\.m2\repository\org\seleniumhq\selenium\selenium-remote-driver\3.141.59\selenium-remote-driver-3.141.59.jar;C:\Windows\system32\config\systemprofile\.m2\repository\org\seleniumhq\selenium\selenium-safari-driver\3.141.59\selenium-safari-driver-3.141.59.jar;C:\Windows\system32\config\systemprofile\.m2\repository\org\seleniumhq\selenium\selenium-support\3.141.59\selenium-support-3.141.59.jar;C:\Windows\system32\config\systemprofile\.m2\repository\net\bytebuddy\byte-buddy\1.8.15\byte-buddy-1.8.15.jar;C:\Windows\system32\config\systemprofile\.m2\repository\org\apache\commons\commons-exec\1.3\commons-exec-1.3.jar;C:\Windows\system32\config\systemprofile\.m2\repository\com\google\guava\guava\25.0-jre\guava-25.0-jre.jar;C:\Windows\system32\config\systemprofile\.m2\repository\com\google\code\findbugs\jsr305\1.3.9\jsr305-1.3.9.jar;C:\Windows\system32\config\systemprofile\.m2\repository\org\checkerframework\checker-compat-qual\2.0.0\checker-compat-qual-2.0.0.jar;C:\Windows\system32\config\systemprofile\.m2\repository\com\google\errorprone\error_prone_annotations\2.1.3\error_prone_annotations-2.1.3.jar;C:\Windows\system32\config\systemprofile\.m2\repository\com\google\j2objc\j2objc-annotations\1.1\j2objc-annotations-1.1.jar;C:\Windows\system32\config\systemprofile\.m2\repository\org\codehaus\mojo\animal-sniffer-annotations\1.14\animal-sniffer-annotations-1.14.jar;C:\Windows\system32\config\systemprofile\.m2\repository\com\squareup\okhttp3\okhttp\3.11.0\okhttp-3.11.0.jar;C:\Windows\system32\config\systemprofile\.m2\repository\com\squareup\okio\okio\1.14.0\okio-1.14.0.jar;C:\Windows\system32\config\systemprofile\.m2\repository\io\github\bonigarcia\webdrivermanager\4.2.2\webdrivermanager-4.2.2.jar;C:\Windows\system32\config\systemprofile\.m2\repository\org\slf4j\slf4j-api\1.7.30\slf4j-api-1.7.30.jar;C:\Windows\system32\config\systemprofile\.m2\repository\commons-io\commons-io\2.8.0\commons-io-2.8.0.jar;C:\Windows\system32\config\systemprofile\.m2\repository\com\google\code\gson\gson\2.8.6\gson-2.8.6.jar;C:\Windows\system32\config\systemprofile\.m2\repository\org\apache\commons\commons-lang3\3.11\commons-lang3-3.11.jar;C:\Windows\system32\config\systemprofile\.m2\repository\org\apache\httpcomponents\client5\httpclient5\5.0.1\httpclient5-5.0.1.jar;C:\Windows\system32\config\systemprofile\.m2\repository\org\apache\httpcomponents\core5\httpcore5\5.0.1\httpcore5-5.0.1.jar;C:\Windows\system32\config\systemprofile\.m2\repository\org\apache\httpcomponents\core5\httpcore5-h2\5.0.1\httpcore5-h2-5.0.1.jar;C:\Windows\system32\config\systemprofile\.m2\repository\org\rauschig\jarchivelib\1.1.0\jarchivelib-1.1.0.jar;C:\Windows\system32\config\systemprofile\.m2\repository\org\jsoup\jsoup\1.13.1\jsoup-1.13.1.jar;C:\Windows\system32\config\systemprofile\.m2\repository\tech\grasshopper\extentreports-cucumber6-adapter\2.8.0\extentreports-cucumber6-adapter-2.8.0.jar;C:\Windows\system32\config\systemprofile\.m2\repository\com\aventstack\extentreports\5.0.6\extentreports-5.0.6.jar;C:\Windows\system32\config\systemprofile\.m2\repository\io\reactivex\rxjava3\rxjava\3.0.4\rxjava-3.0.4.jar;C:\Windows\system32\config\systemprofile\.m2\repository\org\reactivestreams\reactive-streams\1.0.3\reactive-streams-1.0.3.jar;C:\Windows\system32\config\systemprofile\.m2\repository\org\freemarker\freemarker\2.3.30\freemarker-2.3.30.jar;C:\Windows\system32\config\systemprofile\.m2\repository\tech\grasshopper\extent-pdf-report\1.7.0\extent-pdf-report-1.7.0.jar;C:\Windows\system32\config\systemprofile\.m2\repository\tech\grasshopper\cucumber-pdf-report\2.2.0\cucumber-pdf-report-2.2.0.jar;C:\Windows\system32\config\systemprofile\.m2\repository\org\apache\pdfbox\pdfbox\2.0.22\pdfbox-2.0.22.jar;C:\Windows\system32\config\systemprofile\.m2\repository\org\apache\pdfbox\fontbox\2.0.22\fontbox-2.0.22.jar;C:\Windows\system32\config\systemprofile\.m2\repository\org\knowm\xchart\xchart\3.8.0\xchart-3.8.0.jar;C:\Windows\system32\config\systemprofile\.m2\repository\de\erichseifert\vectorgraphics2d\VectorGraphics2D\0.13\VectorGraphics2D-0.13.jar;C:\Windows\system32\config\systemprofile\.m2\repository\de\rototor\pdfbox\graphics2d\0.30\graphics2d-0.30.jar;C:\Windows\system32\config\systemprofile\.m2\repository\com\madgag\animated-gif-lib\1.4\animated-gif-lib-1.4.jar;C:\Windows\system32\config\systemprofile\.m2\repository\org\yaml\snakeyaml\1.28\snakeyaml-1.28.jar;C:\Windows\system32\config\systemprofile\.m2\repository\tech\grasshopper\table-layout\1.2.0\table-layout-1.2.0.jar;C:\Windows\system32\config\systemprofile\.m2\repository\com\aventstack\klov-reporter\5.0.6\klov-reporter-5.0.6.jar;C:\Windows\system32\config\systemprofile\.m2\repository\org\mongodb\bson\3.6.4\bson-3.6.4.jar;C:\Windows\system32\config\systemprofile\.m2\repository\org\apache\httpcomponents\httpclient\4.5.2\httpclient-4.5.2.jar;C:\Windows\system32\config\systemprofile\.m2\repository\org\apache\httpcomponents\httpcore\4.4.4\httpcore-4.4.4.jar;C:\Windows\system32\config\systemprofile\.m2\repository\commons-logging\commons-logging\1.2\commons-logging-1.2.jar;C:\Windows\system32\config\systemprofile\.m2\repository\org\apache\httpcomponents\httpmime\4.5.2\httpmime-4.5.2.jar;C:\Windows\system32\config\systemprofile\.m2\repository\org\mongodb\mongodb-driver\3.3.0\mongodb-driver-3.3.0.jar;C:\Windows\system32\config\systemprofile\.m2\repository\org\mongodb\mongodb-driver-core\3.3.0\mongodb-driver-core-3.3.0.jar;C:\Windows\system32\config\systemprofile\.m2\repository\log4j\log4j\1.2.17\log4j-1.2.17.jar;C:\Windows\system32\config\systemprofile\.m2\repository\org\projectlombok\lombok\1.18.24\lombok-1.18.24.jar;C:\Windows\system32\config\systemprofile\.m2\repository\org\apache\poi\poi\4.1.2\poi-4.1.2.jar;C:\Windows\system32\config\systemprofile\.m2\repository\commons-codec\commons-codec\1.13\commons-codec-1.13.jar;C:\Windows\system32\config\systemprofile\.m2\repository\org\apache\commons\commons-collections4\4.4\commons-collections4-4.4.jar;C:\Windows\system32\config\systemprofile\.m2\repository\org\apache\commons\commons-math3\3.6.1\commons-math3-3.6.1.jar;C:\Windows\system32\config\systemprofile\.m2\repository\com\zaxxer\SparseBitSet\1.2\SparseBitSet-1.2.jar;C:\Windows\system32\config\systemprofile\.m2\repository\org\apache\poi\poi-ooxml\4.1.2\poi-ooxml-4.1.2.jar;C:\Windows\system32\config\systemprofile\.m2\repository\org\apache\poi\poi-ooxml-schemas\4.1.2\poi-ooxml-schemas-4.1.2.jar;C:\Windows\system32\config\systemprofile\.m2\repository\org\apache\xmlbeans\xmlbeans\3.1.0\xmlbeans-3.1.0.jar;C:\Windows\system32\config\systemprofile\.m2\repository\org\apache\commons\commons-compress\1.19\commons-compress-1.19.jar;C:\Windows\system32\config\systemprofile\.m2\repository\com\github\virtuald\curvesapi\1.06\curvesapi-1.06.jar;"/>
    <property name="sun.cpu.endian" value="little"/>
    <property name="user.home" value="C:\Windows\system32\config\systemprofile"/>
    <property name="user.language" value="en"/>
    <property name="java.specification.vendor" value="Oracle Corporation"/>
    <property name="java.version.date" value="2022-08-18"/>
    <property name="java.home" value="C:\Program Files\Java\jdk-18.0.2.1"/>
    <property name="file.separator" value="\"/>
    <property name="basedir" value="C:\Users\Abhay\eclipse-workplace-Cucumber\UI-CucumberFramework"/>
    <property name="java.vm.compressedOopsMode" value="32-bit"/>
    <property name="line.separator" value="&#10;"/>
    <property name="java.vm.specification.vendor" value="Oracle Corporation"/>
    <property name="java.specification.name" value="Java Platform API Specification"/>
    <property name="surefire.real.class.path" value="C:\Windows\Temp\surefire17222057105800064096\surefirebooter-20240419165900396_3.jar"/>
    <property name="user.script" value=""/>
    <property name="sun.management.compiler" value="HotSpot 64-Bit Tiered Compilers"/>
    <property name="java.runtime.version" value="18.0.2.1+1-1"/>
    <property name="user.name" value="LAIMUMLT9002$"/>
    <property name="path.separator" value=";"/>
    <property name="os.version" value="10.0"/>
    <property name="java.runtime.name" value="Java(TM) SE Runtime Environment"/>
    <property name="file.encoding" value="UTF-8"/>
    <property name="java.vm.name" value="Java HotSpot(TM) 64-Bit Server VM"/>
    <property name="localRepository" value="C:\Windows\system32\config\systemprofile\.m2\repository"/>
    <property name="java.vendor.url.bug" value="https://bugreport.java.com/bugreport/"/>
    <property name="java.io.tmpdir" value="C:\Windows\TEMP\"/>
    <property name="java.version" value="18.0.2.1"/>
    <property name="user.dir" value="C:\Users\Abhay\eclipse-workplace-Cucumber\UI-CucumberFramework"/>
    <property name="os.arch" value="amd64"/>
    <property name="java.vm.specification.name" value="Java Virtual Machine Specification"/>
    <property name="sun.os.patch.level" value=""/>
    <property name="native.encoding" value="Cp1252"/>
    <property name="java.library.path" value="C:\Program Files\Java\jdk-18.0.2.1\bin;C:\Windows\Sun\Java\bin;C:\Windows\system32;C:\Windows;C:\Program Files\Maven\apache-maven-3.9.3/bin;C:\Program Files\Java\jdk-18.0.2.1/bin;C:\Program Files\Java\jdk-18.0.2.1/bin;C:\Program Files\Java\jdk-18.0.2.1\bin;C:\Program Files\Java\jdk-18.0.2.1\bin;C:\Program Files\Common Files\Oracle\Java\javapath;C:\Windows\system32;C:\Windows;C:\Windows\System32\Wbem;C:\Windows\System32\WindowsPowerShell\v1.0\;C:\Windows\System32\OpenSSH\;C:\Program Files\Maven\apache-maven-3.9.3\bin;C:\Program Files\nodejs\;C:\Users\Abhay\AppData\Roaming\npm\node_modules\newman\bin\newman.js;C:\Program Files\Git\cmd;C:\Windows\system32\config\systemprofile\AppData\Local\Microsoft\WindowsApps;."/>
    <property name="java.vm.info" value="mixed mode, sharing"/>
    <property name="java.vendor" value="Oracle Corporation"/>
    <property name="java.vm.version" value="18.0.2.1+1-1"/>
    <property name="sun.io.unicode.encoding" value="UnicodeLittle"/>
    <property name="java.class.version" value="62.0"/>
  </properties>
  <testcase name="Search Customer by FirstName filters" classname="Customers" time="93.771">
    <system-out><![CDATA[
@Regression
Scenario: Search Customer by FirstName filters                              &amp#27;[90m# Features/Customer.feature:23&amp#27;[0m
 INFO [main] (LoginSteps.java"55)- -------------launching the browser---------------
  &amp#27;[32mGiven &amp#27;[0m&amp#27;[32m: User launch browser&amp#27;[0m                                               &amp#27;[90m# stepDefinitions.LoginSteps.user_launch_browser()&amp#27;[0m
 INFO [main] (LoginSteps.java"69)- -------------launching the URL---------------
  &amp#27;[32mWhen &amp#27;[0m&amp#27;[32m: User open url &amp#27;[0m&amp#27;[32m&amp#27;[1m"https://admin-demo.nopcommerce.com/login?"&amp#27;[0m          &amp#27;[90m# stepDefinitions.LoginSteps.user_open_url(java.lang.String)&amp#27;[0m
 INFO [main] (LoginSteps.java"76)- -------------Enter email and password---------------
  &amp#27;[32mThen &amp#27;[0m&amp#27;[32m: User enters Email as &amp#27;[0m&amp#27;[32m&amp#27;[1m"admin@yourstore.com"&amp#27;[0m&amp#27;[32m and Password as &amp#27;[0m&amp#27;[32m&amp#27;[1m"admin"&amp#27;[0m &amp#27;[90m# stepDefinitions.LoginSteps.user_enters_email_as_and_password_as(java.lang.String,java.lang.String)&amp#27;[0m
 INFO [main] (LoginSteps.java"83)- -------------Clicking the login button---------------
  &amp#27;[32mAnd &amp#27;[0m&amp#27;[32m: User clicks on Login button&amp#27;[0m                                         &amp#27;[90m# stepDefinitions.LoginSteps.user_clicks_on_login_button()&amp#27;[0m
  &amp#27;[32mThen &amp#27;[0m&amp#27;[32m: User view dahsboard&amp#27;[0m                                                &amp#27;[90m# stepDefinitions.LoginSteps.user_view_dahsboard()&amp#27;[0m
 INFO [main] (LoginSteps.java"139)- -------------Click on Customer Menu---------------
  &amp#27;[32mWhen &amp#27;[0m&amp#27;[32m: User clicks on customer menu&amp#27;[0m                                       &amp#27;[90m# stepDefinitions.LoginSteps.user_clicks_on_customer_menu()&amp#27;[0m
 INFO [main] (LoginSteps.java"146)- -------------Click on Customer Menu Item---------------
  &amp#27;[32mAnd &amp#27;[0m&amp#27;[32m: click on customer menu Item&amp#27;[0m                                         &amp#27;[90m# stepDefinitions.LoginSteps.click_on_customer_menu_item()&amp#27;[0m
 INFO [main] (LoginSteps.java"210)- -------------Search customers by FirstName---------------
  &amp#27;[32mWhen &amp#27;[0m&amp#27;[32m: User enters customers FirstName&amp#27;[0m                                    &amp#27;[90m# stepDefinitions.LoginSteps.user_enters_customers_first_name()&amp#27;[0m
 INFO [main] (LoginSteps.java"218)- -------------Click on Search button---------------
  &amp#27;[32mAnd &amp#27;[0m&amp#27;[32m: User clicks on Search button&amp#27;[0m                                        &amp#27;[90m# stepDefinitions.LoginSteps.user_clicks_on_search_button()&amp#27;[0m
 INFO [main] (LoginSteps.java"224)- -------------finding data table after search---------------
Virat Kohli
  &amp#27;[32mThen &amp#27;[0m&amp#27;[32m: User should get the FirstName in table&amp#27;[0m                             &amp#27;[90m# stepDefinitions.LoginSteps.user_should_get_the_first_name_in_table()&amp#27;[0m
 INFO [main] (LoginSteps.java"124)- -------------Closing the browser---------------
  &amp#27;[32mAnd &amp#27;[0m&amp#27;[32m: Close the browser&amp#27;[0m                                                   &amp#27;[90m# stepDefinitions.LoginSteps.close_the_browser()&amp#27;[0m
]]></system-out>
    <system-err><![CDATA[log4j:ERROR Could not find value for key log4j.appender.HTML.layout
Starting ChromeDriver 123.0.6312.105 (399174dbe6eff0f59de9a6096129c0c827002b3a-refs/branch-heads/6312@{#761}) on port 5974
Only local connections are allowed.
Please see https://chromedriver.chromium.org/security-considerations for suggestions on keeping ChromeDriver safe.
ChromeDriver was started successfully.
[1713526148.803][WARNING]: This version of ChromeDriver has not been tested with Chrome version 124.
Apr 19, 2024 4:59:21 PM org.openqa.selenium.remote.ProtocolHandshake createSession
INFO: Detected dialect: W3C
log4j:ERROR No layout set for the appender named [HTML].
]]></system-err>
  </testcase>
  <testcase name="Search Customer by Email filters" classname="Customers" time="26.707">
    <system-out><![CDATA[
@Regression
Scenario: Search Customer by Email filters                                  &amp#27;[90m# Features/Customer.feature:30&amp#27;[0m
 INFO [main] (LoginSteps.java"55)- -------------launching the browser---------------
  &amp#27;[32mGiven &amp#27;[0m&amp#27;[32m: User launch browser&amp#27;[0m                                               &amp#27;[90m# stepDefinitions.LoginSteps.user_launch_browser()&amp#27;[0m
 INFO [main] (LoginSteps.java"69)- -------------launching the URL---------------
  &amp#27;[32mWhen &amp#27;[0m&amp#27;[32m: User open url &amp#27;[0m&amp#27;[32m&amp#27;[1m"https://admin-demo.nopcommerce.com/login?"&amp#27;[0m          &amp#27;[90m# stepDefinitions.LoginSteps.user_open_url(java.lang.String)&amp#27;[0m
 INFO [main] (LoginSteps.java"76)- -------------Enter email and password---------------
  &amp#27;[32mThen &amp#27;[0m&amp#27;[32m: User enters Email as &amp#27;[0m&amp#27;[32m&amp#27;[1m"admin@yourstore.com"&amp#27;[0m&amp#27;[32m and Password as &amp#27;[0m&amp#27;[32m&amp#27;[1m"admin"&amp#27;[0m &amp#27;[90m# stepDefinitions.LoginSteps.user_enters_email_as_and_password_as(java.lang.String,java.lang.String)&amp#27;[0m
 INFO [main] (LoginSteps.java"83)- -------------Clicking the login button---------------
  &amp#27;[32mAnd &amp#27;[0m&amp#27;[32m: User clicks on Login button&amp#27;[0m                                         &amp#27;[90m# stepDefinitions.LoginSteps.user_clicks_on_login_button()&amp#27;[0m
  &amp#27;[32mThen &amp#27;[0m&amp#27;[32m: User view dahsboard&amp#27;[0m                                                &amp#27;[90m# stepDefinitions.LoginSteps.user_view_dahsboard()&amp#27;[0m
 INFO [main] (LoginSteps.java"139)- -------------Click on Customer Menu---------------
  &amp#27;[32mWhen &amp#27;[0m&amp#27;[32m: User clicks on customer menu&amp#27;[0m                                       &amp#27;[90m# stepDefinitions.LoginSteps.user_clicks_on_customer_menu()&amp#27;[0m
 INFO [main] (LoginSteps.java"146)- -------------Click on Customer Menu Item---------------
  &amp#27;[32mAnd &amp#27;[0m&amp#27;[32m: click on customer menu Item&amp#27;[0m                                         &amp#27;[90m# stepDefinitions.LoginSteps.click_on_customer_menu_item()&amp#27;[0m
 INFO [main] (LoginSteps.java"233)- -------------Search customers by emailId---------------
  &amp#27;[32mWhen &amp#27;[0m&amp#27;[32m: User enters customers Email&amp#27;[0m                                        &amp#27;[90m# stepDefinitions.LoginSteps.user_enters_customers_email()&amp#27;[0m
 INFO [main] (LoginSteps.java"218)- -------------Click on Search button---------------
  &amp#27;[32mAnd &amp#27;[0m&amp#27;[32m: User clicks on Search button&amp#27;[0m                                        &amp#27;[90m# stepDefinitions.LoginSteps.user_clicks_on_search_button()&amp#27;[0m
 INFO [main] (LoginSteps.java"241)- -------------finding data table after search---------------
  &amp#27;[32mThen &amp#27;[0m&amp#27;[32m: User should get the Email in table&amp#27;[0m                                 &amp#27;[90m# stepDefinitions.LoginSteps.user_should_get_the_email_in_table()&amp#27;[0m
 INFO [main] (LoginSteps.java"124)- -------------Closing the browser---------------
  &amp#27;[32mAnd &amp#27;[0m&amp#27;[32m: Close the browser&amp#27;[0m                                                   &amp#27;[90m# stepDefinitions.LoginSteps.close_the_browser()&amp#27;[0m
]]></system-out>
    <system-err><![CDATA[log4j:ERROR Could not find value for key log4j.appender.HTML.layout
Starting ChromeDriver 123.0.6312.105 (399174dbe6eff0f59de9a6096129c0c827002b3a-refs/branch-heads/6312@{#761}) on port 26060
Only local connections are allowed.
Please see https://chromedriver.chromium.org/security-considerations for suggestions on keeping ChromeDriver safe.
ChromeDriver was started successfully.
[1713526241.281][WARNING]: This version of ChromeDriver has not been tested with Chrome version 124.
Apr 19, 2024 5:00:43 PM org.openqa.selenium.remote.ProtocolHandshake createSession
INFO: Detected dialect: W3C
log4j:ERROR No layout set for the appender named [HTML].
]]></system-err>
  </testcase>
  <testcase name="To verify invalid login flow" classname="Login" time="14.606">
    <system-out><![CDATA[
@Regression
Scenario: To verify invalid login flow                                                                                                                        &amp#27;[90m# Features/Login.feature:16&amp#27;[0m
 INFO [main] (LoginSteps.java"55)- -------------launching the browser---------------
  &amp#27;[32mGiven &amp#27;[0m&amp#27;[32m: User launch browser&amp#27;[0m                                                                                                                                 &amp#27;[90m# stepDefinitions.LoginSteps.user_launch_browser()&amp#27;[0m
 INFO [main] (LoginSteps.java"69)- -------------launching the URL---------------
  &amp#27;[32mWhen &amp#27;[0m&amp#27;[32m: User open url &amp#27;[0m&amp#27;[32m&amp#27;[1m"https://admin-demo.nopcommerce.com/login?"&amp#27;[0m                                                                                            &amp#27;[90m# stepDefinitions.LoginSteps.user_open_url(java.lang.String)&amp#27;[0m
 INFO [main] (LoginSteps.java"76)- -------------Enter email and password---------------
  &amp#27;[32mThen &amp#27;[0m&amp#27;[32m: User enters Email as &amp#27;[0m&amp#27;[32m&amp#27;[1m"admin@yourstore.com"&amp#27;[0m&amp#27;[32m and Password as &amp#27;[0m&amp#27;[32m&amp#27;[1m"12min"&amp#27;[0m                                                                                   &amp#27;[90m# stepDefinitions.LoginSteps.user_enters_email_as_and_password_as(java.lang.String,java.lang.String)&amp#27;[0m
 INFO [main] (LoginSteps.java"83)- -------------Clicking the login button---------------
  &amp#27;[32mAnd &amp#27;[0m&amp#27;[32m: User clicks on Login button&amp#27;[0m                                                                                                                           &amp#27;[90m# stepDefinitions.LoginSteps.user_clicks_on_login_button()&amp#27;[0m
 INFO [main] (LoginSteps.java"89)- -------------Error validation---------------
Login was unsuccessful. Please correct the errors and try again.
The credentials provided are incorrect
  &amp#27;[32mThen &amp#27;[0m&amp#27;[32m: User should get validation error message as &amp#27;[0m&amp#27;[32m&amp#27;[1m"Login was unsuccessful. Please correct the errors and try again.The credentials provided are incorrect"&amp#27;[0m &amp#27;[90m# stepDefinitions.LoginSteps.user_should_get_validation_error_message_as(java.lang.String)&amp#27;[0m
 INFO [main] (LoginSteps.java"102)- -------------Capture PageTitle---------------
 INFO [main] (LoginSteps.java"109)- -------------Login Passed---------------
  &amp#27;[32mAnd &amp#27;[0m&amp#27;[32m: Page title should be &amp#27;[0m&amp#27;[32m&amp#27;[1m"Your store. Login"&amp#27;[0m                                                                                                              &amp#27;[90m# stepDefinitions.LoginSteps.page_title_should_be(java.lang.String)&amp#27;[0m
 INFO [main] (LoginSteps.java"124)- -------------Closing the browser---------------
  &amp#27;[32mAnd &amp#27;[0m&amp#27;[32m: Close the browser&amp#27;[0m                                                                                                                                     &amp#27;[90m# stepDefinitions.LoginSteps.close_the_browser()&amp#27;[0m
]]></system-out>
    <system-err><![CDATA[log4j:ERROR Could not find value for key log4j.appender.HTML.layout
Starting ChromeDriver 123.0.6312.105 (399174dbe6eff0f59de9a6096129c0c827002b3a-refs/branch-heads/6312@{#761}) on port 37872
Only local connections are allowed.
Please see https://chromedriver.chromium.org/security-considerations for suggestions on keeping ChromeDriver safe.
ChromeDriver was started successfully.
[1713526265.024][WARNING]: This version of ChromeDriver has not been tested with Chrome version 124.
Apr 19, 2024 5:01:07 PM org.openqa.selenium.remote.ProtocolHandshake createSession
INFO: Detected dialect: W3C
log4j:ERROR No layout set for the appender named [HTML].
]]></system-err>
  </testcase>
</testsuite>